<?xml version="1.0" encoding="UTF-8"?>
<!-- Generated by org.testng.reporters.JUnitReportReporter -->
<testsuite skipped="0" hostname="ChintanLaptop" name="qaclickacademy.AppiumTest" tests="1" failures="0" timestamp="2021-02-17T16:47:13 EST" time="0.009" errors="0">
  <testcase name="mobileapp" time="0.009" classname="qaclickacademy.AppiumTest"/>
  <system-out/>
</testsuite> <!-- qaclickacademy.AppiumTest -->
