<?xml version="1.0" encoding="UTF-8"?>
<!-- Generated by org.testng.reporters.JUnitReportReporter -->
<testsuite skipped="0" hostname="ChintanLaptop" name="qaclickacademy.SeleniumTest" tests="1" failures="0" timestamp="2021-02-17T18:18:03 EST" time="0.001" errors="0">
  <testcase name="SelTest" time="0.001" classname="qaclickacademy.SeleniumTest"/>
  <system-out/>
</testsuite> <!-- qaclickacademy.SeleniumTest -->
